<?xml version="1.0" encoding="UTF-8"?>
<!-- Generated by org.testng.reporters.JUnitXMLReporter -->
<testsuite hostname="Slomos-MacBook-Pro.local" ignored="0" name="Test" tests="6" failures="0" timestamp="2022-05-09T11:06:41 EDT" time="113.336" errors="0">
  <testcase name="AlertViewsTest" time="6.65" classname="Tests.UIKitCatalogTest"/>
  <testcase name="WebViewTest" time="8.42" classname="Tests.UIKitCatalogTest"/>
  <testcase name="PickerViewTest" time="3.443" classname="Tests.UIKitCatalogTest"/>
  <testcase name="SlidersTest" time="2.779" classname="Tests.UIKitCatalogTest"/>
  <testcase name="SteppersTest" time="6.167" classname="Tests.UIKitCatalogTest"/>
  <testcase name="SwitchesTest" time="3.446" classname="Tests.UIKitCatalogTest"/>
</testsuite> <!-- Test -->
